<?xml version="1.0" encoding="UTF-8"?>
<!-- Generated by org.testng.reporters.JUnitReportReporter -->
<testsuite skipped="0" hostname="DESKTOP-T3UULDR" name="kshitijPersonal.Seleniumproject1.DataWithHashMap" tests="3" failures="0" timestamp="2021-08-15T08:44:36 IST" time="0.008" errors="0">
  <testcase name="integrationTest" time="0.001" classname="kshitijPersonal.Seleniumproject1.DataWithHashMap"/>
  <system-out/>
  <testcase name="integrationTest" time="0.006" classname="kshitijPersonal.Seleniumproject1.DataWithHashMap"/>
  <system-out/>
  <testcase name="integrationTest" time="0.001" classname="kshitijPersonal.Seleniumproject1.DataWithHashMap"/>
  <system-out/>
</testsuite> <!-- kshitijPersonal.Seleniumproject1.DataWithHashMap -->
